<?xml version="1.0" encoding="UTF-8"?>
<testsuite name="CoinCombinationsTest" tests="1" skipped="0" failures="0" errors="0" timestamp="2016-02-11T17:58:53" hostname="epicodus-58.local" time="0.001">
  <properties/>
  <testcase name="giveChange_returnsCorrectChangeWhenGivenAValueOf99_3Quarters2Dimes0Nickels4Pennies" classname="CoinCombinationsTest" time="0.001"/>
  <system-out><![CDATA[]]></system-out>
  <system-err><![CDATA[]]></system-err>
</testsuite>
